<?xml version="1.0" encoding="UTF-8"?>
<testsuite name="realizar la automatizacion de ingreso a youtube y buscar opciones de practica" tests="1" skipped="0" failures="0" errors="0" timestamp="2022-08-18T21:01:08" hostname="DELID" time="36.905">
  <properties/>
  <testcase name="ya que me encuentro en la pagina deseo encontrar un video en especifico" classname="realizar la automatizacion de ingreso a youtube y buscar opciones de practica" time="36.905"/>
  <system-out><![CDATA[]]></system-out>
  <system-err><![CDATA[ago 18, 2022 4:01:09 PM org.openqa.selenium.remote.DesiredCapabilities chrome
INFORMACIÓN: Using `new ChromeOptions()` is preferred to `DesiredCapabilities.chrome()`
Starting ChromeDriver 99.0.4844.51 (d537ec02474b5afe23684e7963d538896c63ac77-refs/branch-heads/4844@{#875}) on port 17540
Only local connections are allowed.
Please see https://chromedriver.chromium.org/security-considerations for suggestions on keeping ChromeDriver safe.
ChromeDriver was started successfully.
ago 18, 2022 4:01:15 PM org.openqa.selenium.remote.ProtocolHandshake createSession
INFORMACIÓN: Detected dialect: W3C
[Test worker] INFO net.serenitybdd.core.Serenity - 
        __    _____ _____ ____ _____   ____   _    ____  ____  _____ ____  
  _     \ \  |_   _| ____/ ___|_   _| |  _ \ / \  / ___|/ ___|| ____|  _ \ 
 (_)_____| |   | | |  _| \___ \ | |   | |_) / _ \ \___ \\___ \|  _| | | | |
  _|_____| |   | | | |___ ___) || |   |  __/ ___ \ ___) |___) | |___| |_| |
 (_)     | |   |_| |_____|____/ |_|   |_| /_/   \_\____/|____/|_____|____/ 
        /_/                                                                

TEST PASSED: ya que me encuentro en la pagina deseo encontrar un video en especifico
----------------------------------------------------------------------------
]]></system-err>
</testsuite>
